<?xml version="1.0" encoding="UTF-8"?>
<testng-results ignored="0" total="2" passed="2" failed="0" skipped="0">
  <reporter-output>
  </reporter-output>
  <suite started-at="2020-11-19T15:18:57 EST" name="Default suite" finished-at="2020-11-19T15:18:57 EST" duration-ms="153">
    <groups>
    </groups>
    <test started-at="2020-11-19T15:18:57 EST" name="Default test" finished-at="2020-11-19T15:18:57 EST" duration-ms="153">
      <class name="com.rs.testng.TestEmployeeDetails">
        <test-method signature="testCalculateAppraisal()[pri:0, instance:com.rs.testng.TestEmployeeDetails@7a675056]" started-at="2020-11-19T15:18:57 EST" name="testCalculateAppraisal" finished-at="2020-11-19T15:18:57 EST" duration-ms="33" status="PASS">
          <reporter-output>
          </reporter-output>
        </test-method> <!-- testCalculateAppraisal -->
        <test-method signature="testCalculateYearlySalary()[pri:0, instance:com.rs.testng.TestEmployeeDetails@7a675056]" started-at="2020-11-19T15:18:57 EST" name="testCalculateYearlySalary" finished-at="2020-11-19T15:18:57 EST" duration-ms="3" status="PASS">
          <reporter-output>
          </reporter-output>
        </test-method> <!-- testCalculateYearlySalary -->
      </class> <!-- com.rs.testng.TestEmployeeDetails -->
    </test> <!-- Default test -->
  </suite> <!-- Default suite -->
</testng-results>
